0 verbose cli C:\Program Files\nodejs\node.exe C:\Users\maria\AppData\Roaming\npm\node_modules\npm\bin\npm-cli.js
1 info using npm@10.8.1
2 info using node@v20.12.2
3 silly config load:file:C:\Users\maria\AppData\Roaming\npm\node_modules\npm\npmrc
4 silly config load:file:C:\Users\maria\OneDrive\Documentos\Eu eo Chat\meu-projeto-react\.npmrc
5 silly config load:file:C:\Users\maria\.npmrc
6 silly config load:file:C:\Users\maria\AppData\Roaming\npm\etc\npmrc
7 verbose title npm run build
8 verbose argv "run" "build"
9 verbose logfile logs-max:10 dir:C:\Users\maria\OneDrive\Documentos\Eu eo Chat\meu-projeto-react\src\UsersmariaAppDataLocalnpm-cache\_logs\2024-07-11T19_37_15_659Z-
10 verbose logfile C:\Users\maria\OneDrive\Documentos\Eu eo Chat\meu-projeto-react\src\UsersmariaAppDataLocalnpm-cache\_logs\2024-07-11T19_37_15_659Z-debug-0.log
11 silly logfile done cleaning log files
12 http fetch GET 200 https://registry.npmjs.org/npm 1717ms
13 verbose cwd C:\Users\maria\OneDrive\Documentos\Eu eo Chat\meu-projeto-react\src
14 verbose os Windows_NT 10.0.19045
15 verbose node v20.12.2
16 verbose npm  v10.8.1
17 notice
17 notice New patch version of npm available! 10.8.1 -> 10.8.2
17 notice Changelog: https://github.com/npm/cli/releases/tag/v10.8.2
17 notice To update run: npm install -g npm@10.8.2
17 notice  { force: true, [Symbol(proc-log.meta)]: true }
18 verbose exit 0
19 info ok
